+--------------------------------------+
EPEIT更新日志
Revision: 1.0
Date: 2015-04
+--------------------------------------+

[新增]新增取消订单功能
[新增]新增运营后台上传APP接口功能
[新增]新增产品上下架功能
[新增]新增商品排序功能，按照优先级和销量排序
[新增]新增促销大的功能模块
[新增]新增促销库存
[新增]新增每日限购，每单限购功能
[新增]购物车促销商品过期处理
[新增]购物车各种促销计算和提示
[新增]未支付订单过期处理
[新增]商品详情显示多张图片
[新增]新增首单，首单和其他的促销方式不同
[新增]新增广告位，广告等
[新增]新增商品预约功能
[新增]新增商品标签功能
[新增]用户基本信息中新增用户类别字段
[新增]运营后台上传APK的功能
[变更]变更查询用户的所有信息，修改用户的所有信息
[变更]维修厂列表加一个手机号码查询条件
[变更]修改库存定时恢复和定时计算商品销量的存储过程
[变更]优化品牌关联分类功能
[变更]优化所有的枚举

+--------------------------------------+
EPEIT更新日志
Revision: 1.2.1
Date: 2015-05-04
+--------------------------------------+
   物流鸟APP应用API
[新增]物流鸟图片上传到服务器
[新增]取消背单(物流鸟)
[新增]司机上传操作指令照片
[新增]司机注册
[新增]司机登录
[新增]司机配送指令列表
[新增]接单:将对应的背单记录修改为执行中的状态
[新增]撤销背单接口，将此条背单记录对应的物流单释放背单车辆
[新增]新增司机LBS信息
[新增]查询交易列表
[新增]根据carId获取任务列表
[新增]根据carId获取司机基本信息
[新增]获取司机汇总接单记录
[新增]新增物流交易流程
[新增]新增物流结算流程
   微信公众平台HTML5前台
[新增]微信公众平台API调用
[新增]html5微信支付后台接口
[新增]查询商品列表
[新增]根据商品编码查询商品
[新增]生成订单

[变更]交易表结算状态新增审核是否通过
[变更]串联所有的物流流程，增加流转过程中需要的区域信息，店铺名称等
[变更]背单的时候，新加一个预计到达时间 ,查询未确定的物流报表时，可以重新背单
[变更]订单商品表中新增唛头字段
[变更]查询订单的时候不需要显示过期订单和取消的订单

+--------------------------------------+
EPEIT更新日志
Revision: 1.2.2
Date: 2015-05-30
+--------------------------------------+
      代理下单APP应用API
[新增]地推用户（即客户经理）的注册，登录，登出等基本功能
[新增]维修厂用户的客户经理绑定
[新增]查询维修厂关联的客户经理和临时客户经理
[新增]代理用户下单功能，帮助维修厂用户下单
      报表系统
[新增]销售日报
[新增]销售周报
[新增]销售月报
[新增]地推人员报表
     后台管理系统
[新增]打印发货单
[变更]促销增加新的促销CODE字段用于APP广告位自动切换促销手段

+--------------------------------------+
EPEIT更新日志
Revision: 1.2.3
Date: 2015-06-07
+--------------------------------------+
    维修厂用户APP
[新增]根据新增商户调整APP需要升级
    代理下单APP应用API
[新增]根据新增商户调整APP需要升级
[新增]下单增加线下支付
      报表系统
[新增]新的销售日报
     后台管理系统
[新增]新增商户管理，商户查询等
[变更]维修厂用户迁移到商户下面作为账号
[变更]账号分为主账号和子账户
[新增]地推用户级别，主管级和普通推广，可看到的客户信息有差别
[新增]公对公订单管理

+--------------------------------------+
EPEIT更新日志
Revision: 1.2.5
Date: 2015-07-29
+--------------------------------------+
[新增]
1.仓库集散点模块
  1.1采购基础功能
  1.2仓库基础功能
  1.3集散点基础功能
  1.4订单挂起功能
  1.5退货到集散点的功能
2.司机等级评星模块
3.支付宝支付功能
4.APP用户行为轨迹
5.物流后台实现物流鸟的功能
[修改]
1.公对公订单，上传支付凭证
2.新的epeitAPP注册流程(包含SP短信验证码)

+--------------------------------------+
EPEIT更新日志
Revision: 1.2.5.1
Date: 2015-08-12
+--------------------------------------+
[新增]
1.微信公众号H5版本上的爆款专区
2.微信公众号H5版本上的公对公支付(线下支付)
3.微信公众号H5版本上的上传支付凭证
4.APP和H5版本上的上传认证协议照片功能
5.运营后台认证审核和驳回功能
[修改]
1.登录或注册时校验验证码在10分钟内只向SP发送一条请求，登录成功后删除
2.调整运营后台的商户列表，将绑定物流区，审核认证资料归在一处查看和操作

+--------------------------------------+
EPEIT更新日志
Revision: 1.2.6
Date: 2015-08-19
+--------------------------------------+
[新增]
1.用户组织管理接口
2.角色管理接口
3.菜单资源管理接口
4.用户角色管理接口
5.角色菜单管理接口
6.新增超级管理员用户
[修改]
1.采购权限管理，商务人员发起，运营人员审核，商务人员执行
2.将多个管理后台合并成一个管理后台，并赋予系统用户权限
3.系统用户需要新的功能权限需要找超级管理员开通

+--------------------------------------+
EPEIT更新日志
Revision: 1.2.7
Date: 2015-08-29
+--------------------------------------+
[新增]
1.修改商户的lbs信息到百度地图
2.删除商户常用品牌信息
3.存储商户lbs信息到百度地图
4.新增商户常用品牌信息
5.根据关键词和距离搜索百度云存储里面的的汽配商户
6.销售APP修改CRM商户信息
7.地推人员当天计划完成情况
8.上下班打开记录，推广接口
[修改]
1.绑定物流区的整个业务逻辑（内部优化）
2.客户注册流程：由CRM管理app上发起客户的资料填写和上传协议，客户直接安装epeit app然后注册登陆，
认证信息会根据CRM上输入的手机号自动填充客户信息，运营后台直接认证VIP 即可；物流区域可以后绑定，由物流人员或者运营人员都可以操作绑定。
[重大功能项]
1.销售CRM管理APP
  1.1 上下班打开记录
  1.2 CRM客户资料管理
  1.3 搜索离自己最近的商户信息
  1.4 KPI信息
  1.5 易配通APP二维码和公众号二维码的信息
  1.6 客户推广（进出店，推广结果记录）
2.后台管理系统增加权限，组织，用户管理页面

+--------------------------------------+
EPEIT更新日志
Revision: 1.2.7.1
Date: 2015-09-07
+--------------------------------------+
[新增]
1.销售人员管理
2.销售作息考勤
3.分组实时数据
4.个人实时数据
5.销售人员日计划管理
[修改]
CRM LBS定时上传 改为10分钟每次
CRM 打卡和进出店状态记录

+--------------------------------------+
EPEIT更新日志
Revision: 1.2.8
Date: 2015-09-12
+--------------------------------------+
[新增]
运营管理系统新增内容
销售管理
1.销售人员管理
2.销售作息考勤
3.个人实时数据
4.分组实时数据
5.分组个人实时数据
6.查看商户分布地图
7.销售人员日计划管理
8.销售人员周计划管理
9.销售人员月计划管理
销售报表
1.销售人员报表
  1.1个人日报
  1.2个人周报
  1.3个人月报
2.销售总报表
  2.1销售周报
  2.2销售月报
3.销售人员汇总
  3.1销售周汇总
  3.2销售月汇总
CRM app新增内容
1.组长可以查看客户下单情况
2.组长可以查看组员的KPI
3.KPI 个人周计划完成度
4.KPI 个人月计划完成度
5.组长查看其他组员的客户列表
6.查询个人的注册率，首单率，复购率
7.查询团组的注册率，首单率，复购率
8.组长可以查看公司排名，组员组内排名

+--------------------------------------+
EPEIT更新日志
Revision: 1.2.9
Date: 2015-09-18
+--------------------------------------+
[新增]
1.增加坐席考勤列表
2.新增CRM客户列表
3.转交CRM客户对应的客户经理
4.增加CRM app客户端地推人员使用短信找回密码，即重置密码
5.锁定库存大流程（持续修改）
6.新增采购商品报表
7.新增商品销售采购入库报表
[修改]
1.未分拣之前的订单都可以取消订单，退货
2.物流状态文字修改，APP上查看物流信息增加司机姓名和电话
3.背单车次可以再次增加物流单，增加灵活性
4.商户列表显示门头照片
5.商品下架后不能再次购买，直接清空购物车里面该商品
6.根据资源地址查询资源信息
7.优化商户列表查询，可根据区域搜索
8.优化订单查询列表，可根据客户经理查询所有的订单


+--------------------------------------+
EPEIT更新日志
Revision: 2.1.5
Date: 2015-10-17
+--------------------------------------+
[新增]
1.锁定库存大流程（持续修改）
2.商户开票相关
3.销售APP增加查询地推人员轨迹
4.微信公众号增加联系人和地址的选择
5.后台增加了锁库商品列表
6.易配通APP新增消息提示
[修改]
1.退货流程修改
2.首单问题修改（商品信息中增加首单信息）
3.商品销售报表增加显示商品锁定数量
4.个人实时数据（个人行为轨迹）
5.商户地图相关

+--------------------------------------+
EPEIT更新日志
Revision: 2.1.8
Date: 2015-10-23
+--------------------------------------+
[新增]
1.商品二维码相关
    后台生成二维码密钥，打印二维码密钥
    APP扫描码验证商品
2.APP动态图文公告相关
3.盘存相关
[修改]
1.订单列表查询优化（新增显示客户经理，新增区域，店名，商品名称查询条件）
2.采购单查询优化
3.商户销售采购报表算法修改（商品成本按周计算，售价计算不包含首单）
4.APP显示信息问题修改
5.优化sql,加快查询效率


+--------------------------------------+
EPEIT更新日志
Revision: 2.1.9
Date: 2015-11-13
+--------------------------------------+
[新增]
1.物流鸟退货新增拒揽功能
2.退货后台新增终止退货功能
3.入库新增终止入库（如果退货被拒揽，或者终止，那么退货的入库单终止入库，如果退货的未完成，那么提示退货物流没有完成）
4.退款，如果退货没有入库，那么不能退款
5.如果拣货后退货，提示正向物流单处于退货状态
[修改]
1.物流鸟APP,任务显示列表修改
2.数字计算保留两位小数
3.同步销售销售库存
4.备份系统日志，客户访问记录，销售人员IBS记录（保留7天）


+--------------------------------------+
EPEIT更新日志
Revision: 2.2.0
Date: 2015-11-25
+--------------------------------------+
[新增]
[修改]
1、控制一家店只有一个开票信息
2、离职销售人员加入到独立团也纳入数据中
3、退货单的修改
4、修改各种打印单中的仓库地址
5、查询开票信息非常慢的问题
6、查询商户详情（增加商户开票类型）


+--------------------------------------+
EPEIT更新日志
Revision: 2.2.4
Date: 2016-01-15
+--------------------------------------+
[新增]
平台相关
1.上游商铺相关（注册，修改，认证等）
2.上游用户相关（注册，修改，删除等）
3.上游订单管理（修改，发货）
4.上游商品管理（新增，修改，上/下架）
5.运营后台管理上游商铺（认证，冻结，删除等）
6.热门设置（热门分类，品牌，商品，店铺）
7.solr搜索服务搭建（用于搜索商品）
8.商品新增规格相关
9.APP新增上游商铺相关
[修改]
1.下游商户注册认证相关流程
2.运营后台管理商品（上/下架）
3.下单流程修改
4.购物车流程修改


+--------------------------------------+
EPEIT更新日志
Revision: 2.2.5
Date: 2016-03-11
+--------------------------------------+
上游店铺管理：
1.平台店铺商品管理
2.平台店铺管理
3.平台店铺百度云存储
APP修改：
1.百度云店铺列表查询、搜索
2.店铺收藏功能
3.店铺排序筛选功能
4.热门搜索关键词存储和查询
5.商品列表获取修改
6.商品详情修改
7.新增购物车修改
8.生成订单修改
9.微信支付、支付宝支付修改
10.询单新增
11.新用户认证修改，老用户修改资料认证
12.购物车、订单运费计算
13.订单支付方式选择修改
14.加急费用计算
15.特卖票点计算
后台修改：
1.审核修改
2.特卖采购对账单列表增加，特卖采购对账单入库
3.采购入库修改
4.库位增加特卖区



+--------------------------------------+
EPEIT更新日志
Revision: 2.2.5
Date: 2016-03-30
+--------------------------------------+
1.购物车修改。
2.订单修改。
3.普通商品的票点新增
4.递增运费增加
5.特卖询单关掉
6.退货退款修改。
7.货到付款和已经付款订单短信提醒供应商


+--------------------------------------+
EPEIT更新日志
Revision: 2.2.8
Date: 2016-04-22
+--------------------------------------+
[新增]
1.积分流程相关
2.优惠券流程相关

1、后台绑定优惠券（短信提醒）（jock.xu）
2、后台认证会员（增加积分）
3、签到功能（增加积分）
4、查看商品详情（增加积分）
5、个人中心显示优惠券
6、个人中心显示积分、详情
7、可领取优惠券列表（店铺，促销，分类，品牌）
8、领取优惠券，优惠码领取优惠券
9、确认收货送积分： (finalPrice)
        用户点击确认收货：
        物流鸟送货完成  ：
        存储过程自动收货：
               1：查询送货已达7天的订单
               2：判断该订单是否为线下付款，非线下付款才可赠送积分
               3：循环遍历，判断该订单是否已经增加过积分
               4：查询当日用户增加的积分数，查询赠送积分的规则，计算该订单需赠积分数
               5：判断该用户的当日积分是否超过每日上限，判断每单积分上限是否超过（每日积分上限与用户当日获得积分的差值）
               6：判断该订单需要增加的积分是否超过每单上限或者（每日积分上限与用户当日获得积分的差值）
               7：增加用户积分数，增加用户积分记录
10、优惠券过期提醒：
[修改]



+--------------------------------------+
EPEIT更新日志
Revision: 2.2.8
Date: 2016-05-30
+--------------------------------------+

新增：
1.上游供应商绑定银行卡功能
2.易配通运营后台转账给供应商


+--------------------------------------+
EPEIT更新日志
Revision: 2.2.8
Date: 2016-06-14
+--------------------------------------+

新增：
1.易配通后台自主转账到某张银行卡功能（方便财务打钱、转账）